-------------------------------------------------------------------------------
Test set: edu.brown.cs.student.Barmej.course.CourseTest
-------------------------------------------------------------------------------
Tests run: 9, Failures: 1, Errors: 0, Skipped: 0, Time elapsed: 0.985 s <<< FAILURE! - in edu.brown.cs.student.Barmej.course.CourseTest
edu.brown.cs.student.Barmej.course.CourseTest.testGetters  Time elapsed: 0.082 s  <<< FAILURE!
org.junit.ComparisonFailure: expected:<[0]> but was:<[1]>
	at edu.brown.cs.student.Barmej.course.CourseTest.testGetters(CourseTest.java:271)

